TN:
SF:/Users/holyshared/Documents/projects/lcov-parser/tests/fixtures/merge/fixture.c
FN:4,main
FNDA:2,main
FNF:1
FNH:1
DA:6,2,PF4Rz2r7RTliO9u6bZ7h6g
DA:7,2,yGMB6FhEEAd8OyASe3Ni1w
DA:8,2,8F2cpOfOtP7xrzoeUaNfTg
DA:9,2,y7GE3Y4FyXCeXcrtqgSVzw
LF:4
LH:4
end_of_record
TN:
SF:/Users/holyshared/Documents/projects/lcov-parser/tests/fixtures/merge/func1.c
FN:5,func1
FNDA:4,func1
FNF:1
FNH:1
BRDA:8,0,0,2
BRDA:8,0,1,2
BRDA:11,0,0,2
BRDA:11,0,1,2
BRF:4
BRH:4
DA:7,4,5kX7OTfHFcjnS98fjeVqNA
DA:8,4,Z0wAKBAY/gWvszzK23gPjg
DA:9,2,axfyTWsiE2y4xhwLfts4Hg
DA:10,2,fu+5DeZoKYnvkzvK3Lt96Q
DA:11,4,RY9SlOU8MfTJFeL6YlmwVQ
DA:12,2,ZHrTdJHnvMtpEN3wqQEqbw
DA:13,2,fu+5DeZoKYnvkzvK3Lt96Q
DA:14,4,7/m6ZIVdeOR9WTEt9UzqSA
DA:15,4,y7GE3Y4FyXCeXcrtqgSVzw
LF:9
LH:9
end_of_record
TN:
SF:/Users/holyshared/Documents/projects/lcov-parser/tests/fixtures/merge/func2.c
FN:5,func2
FNDA:2,func2
FNF:1
FNH:1
BRDA:8,0,0,2
BRDA:8,0,1,0
BRDA:11,0,0,0
BRDA:11,0,1,2
BRF:4
BRH:2
DA:7,2,5kX7OTfHFcjnS98fjeVqNA
DA:8,2,Z0wAKBAY/gWvszzK23gPjg
DA:9,2,axfyTWsiE2y4xhwLfts4Hg
DA:10,2,fu+5DeZoKYnvkzvK3Lt96Q
DA:11,2,RY9SlOU8MfTJFeL6YlmwVQ
DA:12,0,ZHrTdJHnvMtpEN3wqQEqbw
DA:13,0,fu+5DeZoKYnvkzvK3Lt96Q
DA:14,2,7/m6ZIVdeOR9WTEt9UzqSA
DA:15,2,y7GE3Y4FyXCeXcrtqgSVzw
LF:9
LH:7
end_of_record
